[G4] 
[G4] **************************************************************
[G4]  Geant4 version Name: geant4-10-04-patch-02    (25-May-2018)
[G4]                        Copyright : Geant4 Collaboration
[G4]                       References : NIM A 506 (2003), 250-303
[G4]                                  : IEEE-TNS 53 (2006), 270-278
[G4]                                  : NIM A 835 (2016), 186-225
[G4]                              WWW : http://geant4.org/
[G4] **************************************************************
[G4] 
[Core-0] Initialization of geometry
[Core-0] Initialization of physics
[Core-0] Initialization of actors
[Core-0] 
[Core-0] *************************************************
[Core-0]  GATE version 8.1.p01 (April 2018)
[Core-0]  Copyright : OpenGATE Collaboration
[Core-0]  Reference : Phys. Med. Biol. 49 (2004) 4543-4561
[Core-0]  Reference : Phys. Med. Biol. 56 (2011) 881-901
[Core-0]  Reference : Med. Phys. 41(6)    (2014)
[Core-0]  http://www.opengatecollaboration.org        
[Core-0] *************************************************
[Core-0] 
[Core-0] You are using Geant4 version 10.4.2
[Core-0] Starting macro Coin_Chan.mac
 CREATED THE COMMAND /gate/systems/cylindricalPET/addAnewRsector

GATE object:        'systems/cylindricalPET'
Components:

GATE object:        'systems/cylindricalPET/base'
Attached to volume: cylindricalPET
Nb of children:       1

	GATE object:        'systems/cylindricalPET/rsector'
	Attached to volume: cassette
	Nb of children:       1

		GATE object:        'systems/cylindricalPET/module'
		Attached to volume: module
		Nb of children:       1

			GATE object:        'systems/cylindricalPET/submodule'
			Attached to volume: ---
			Nb of children:       1

				GATE object:        'systems/cylindricalPET/crystal'
				Attached to volume: crystal
				Nb of children:       4

					GATE object:        'systems/cylindricalPET/layer0'
					Attached to volume: ---
					Nb of children:       0

					GATE object:        'systems/cylindricalPET/layer1'
					Attached to volume: ---
					Nb of children:       0

					GATE object:        'systems/cylindricalPET/layer2'
					Attached to volume: ---
					Nb of children:       0

					GATE object:        'systems/cylindricalPET/layer3'
					Attached to volume: ---
					Nb of children:       0
geometrical design type: 1
ring diameter: 10 cm 
rsector axial pitch: 0 fm 
rsector azimuthal pitch: 5.625 degree
rsector tangential size: 4 mm 
rsector axial size: 4 mm 
module axial size: 4 mm 
module tangential size: 4 mm 
module axial pitch: 0 fm 
module tangential pitch: 0 fm 
submodule axial size: 4 mm 
submodule tangential size: 4 mm 
submodule axial pitch: 0 fm 
submodule tangential pitch: 0 fm 
crystal radial size: 1 cm 
crystal axial size: 4 mm 
crystal tangential size: 4 mm 
crystal axial pitch: 0 fm 
crystal tangential pitch: 0 fm 
Axial nb of rsectors: 1
Azimuthal nb of rsectors: 64
Axial nb of modules: 1
Tangential nb of modules: 1
Axial nb of submodules: 1
Tangential nb of submodules: 1
Axial nb of crystals: 1
Tangential nb of crystals: 1
Radial nb of layers: 0
[Physic-0] The following Geant4's physic-list is enabled :emstandard_opt3
[Core-0] Initialization of geometry
[Core-0] Initialization of physics
[Core-0] Initialization of actors
GateSourceMgr::ListSources: List of the sources in the source manager
Source --------------> TwoGamma
  ID                 : 0
  type               : backtoback
  activity (Bq)      : 500000
  startTime (s)      : 0
  time (s)           : 0
  forcedUnstable     : 0
  forcedHalfLife (s) : -0.693147
  verboseLevel       : 0
  relative to vol    : world
---------------------- 

[Acquisition-0]   
[Acquisition-0] ============= Source initialization =============
[Acquisition-0]   
[Acquisition-0] ============= Acquisition starts! =============
[Acquisition-0] Simulation start time = 0 sec
[Acquisition-0] Simulation end time   = 10 sec
[Acquisition-0] Simulation will have  = 10 run(s)

--------- MTwist engine status ---------
 Initial seed      = 3585795434
 Current index     = 131
 Array status mt[] = 
3585795434 3915428718 3072794371 1997390952 23703153
2384677786 680078078 3138511933 854442979 1960297368
1979452519 3453844041 1322834238 2894687464 1340551776
2362689876 2946987262 1838154621 3021126654 2246182527
2970645605 1285163960 119251219 43956118 1173861446
203759388 1376731686 3447519358 2058612333 3364412601
3711213440 263522766 1095638118 3419755460 3547368613
2268484513 2024159859 1073352991 2628474977 2963003958
4239321772 2338537012 2515300728 1096355661 3966154024
1403419940 564866247 284174770 1894692202 1731253864
31574175 583679470 242273562 2751059319 2533348447
2250214888 1724594058 2008239376 1970438383 2343451681
3269555467 499938405 4139186455 2164783395 3898536773
2895147231 3010317427 3486589400 966626987 389008572
2744148594 3182741111 1606019441 3830843769 3680110444
3230160406 577647509 3559397142 2780715159 2308157464
423126162 2031079403 2699510180 283688145 2392152009
930367084 2541982962 2217620231 1621806673 4026283497
3636559788 1668613990 2247297791 4071602990 3837455903
2582703467 1962531789 4022854621 1977660664 3243222944
1050173107 1471162372 302872415 2882203618 1888453576
2628030390 3149923950 2468762887 12728421 1670466886
463436913 1385927172 4071115113 2241114435 2337060887
3898269116 4038964175 2057575409 960656934 1803350901
3737198908 3115701588 2973905256 1836398925 2348631928
847478175 3480463161 3350529121 544288042 1375226899
3827934620 3916001086 1238075541 896538345 4258970483
2511004599 372945905 3339450270 4035360379 2585015779
4294290257 3151591911 1884005607 1398875469 4150092684
2668154620 1177655496 903076064 163868916 27206873
1550887731 2322550097 1334832471 790997383 1480991197
416159847 858767423 2507247736 661998272 1636253279
927852982 2949225327 2058528675 4053783949 2621063082
1822688749 1565893314 1580765846 686138683 1889780720
470763455 3383068166 3911814565 566016299 2193232293
376198802 3373288010 3744292990 3035952899 2849766680
2717107702 3016273401 4179949501 39611565 1499100665
2207925137 1460360377 1490478419 3938409494 1717146118
1118657665 2623930175 8411345 2078401590 885094773
143100140 875778528 3425709605 2730396612 2288262117
2579407339 1715114678 3835744765 700827649 924283441
330516258 12206904 1845329383 2259468942 4162432525
1252600408 2966836976 4055224398 3612304438 2288379583
1675243112 3100213573 983564508 2543457190 4257776783
517945368 1270741589 3577133058 3675660868 738493923
916737648 3789349650 3005263768 4011111078 3846686974
449622455 769527066 1096029738 2234958560 2299778580
3573497241 1205909678 2135393528 741324843 630172902
2004897198 3271183868 2524396941 803590494 1145628938
4173845836 1093103649 1617976727 92549926 1519486199
105585672 3520747555 2368595356 844047955 1157728957
670980395 2034119159 1140874511 2035496328 2822336784
3416932126 1807510646 2191751929 1210898702 3175328499
985951006 3802354144 3531000474 2977484905 2199944772
458180780 3235887339 3230669976 1147616568 4111313295
2968768847 2152647029 2133273608 558117283 3186413926
2486772108 3764468767 72070182 709913113 758136313
1661056346 1396130053 3719547827 2176880016 3015245243
3822263327 1897468975 4294153546 922548210 4061943200
3396797814 353617233 1989948190 3704931173 1548529257
409892916 4216668593 2896768616 2776369921 1021965407
4272767404 3528102461 123789737 966490593 800555002
4273490136 2142171806 3056980211 312699214 2532657920
3103304453 2933078527 1430865678 576262441 4218533740
3876636427 4116303721 1079283732 1862997644 3628882917
3197655299 2495850411 1200199668 1598951921 519472377
3543840903 2122674527 367200610 3158714103 1060732151
1414495682 2180971071 1361993826 1066795873 1638219672
1047132593 3594927402 412095363 2547896070 4150776300
3168254884 504553432 908388755 2224345947 1195443322
3949566181 2579917341 3572201115 1636115289 3503885082
1715520320 3268530953 603889239 2123499705 4082100735
2023960020 146477938 794079076 4194416607 1695958840
3430325226 3013227867 1674751628 1667453969 1788656577
311415858 816544557 1389211445 2018833657 1130717006
3324568226 768644093 2053622090 4206399249 819926421
497238597 4223865782 2675287271 4243299544 2380469991
3189479130 75766970 3163873509 2909363111 3927930526
2939081335 1229760176 726236765 422158650 357214060
2113985319 833080714 989393663 3074119465 2453432454
2438980004 3726630415 3535472718 4048977140 515931655
2341763416 3489336344 541276990 2079100686 3125574020
1205774712 836345688 2626287444 2737151115 2455442603
1486657868 1894625793 2684959649 2047067121 3269967699
3858779188 812155480 3076818526 2736013299 2563519677
2516846596 403464712 730920659 2282573291 961572762
2913694576 2240450473 3896128295 1515221733 58022310
2781886001 3616255699 1381583301 4195352586 76797508
2010771084 3951006810 3391629783 3574003295 1377464328
1721894474 56074325 1957871688 3245076365 2276098759
1973683835 3598965221 787156866 2459415055 1585264103
3397933957 3916485542 3762933474 2432436623 3546757996
445766551 1060139872 2205935278 218632107 104706887
1446624212 3911129563 1929497611 573365190 129608947
2826193077 3788218634 1103321957 767005773 3521493307
1883835635 3613237078 1233607526 1713516673 3941704799
1355748908 1271715490 690154289 83559736 291244284
2835507537 3717593765 2446900069 446501003 2778655680
2922108788 3654560121 356296974 1590243955 2323507944
717941313 1295136405 1108393557 2864844054 52092631
1723595719 2354138387 633897643 3971355246 1353489401
391725777 4205852527 1227008919 1637546538 1832040436
2636624551 3183921688 3226183746 1621830822 1795096293
3577648631 2845622088 1077679159 3556696404 3884415066
2924027429 722257516 3475904166 2714779172 57990410
715886847 826387881 2692216508 1771178246 10703060
1283217846 1628657222 4122872599 1702106361 1489829870
2439045730 3841896952 1738050848 1251825951 3164027121
1741194491 1545355967 1913652500 2459779176 2053711346
510658048 526934050 948838797 3336745925 1007674691
3167441045 846765242 915104138 4277557147 4047038754
3961365808 226458187 2278188228 741456460 879046187
952974375 1463458964 3959326203 2598671627 1328521153
411551989 852518879 2129155122 941458775 1231170700
829295323 339115426 3928573222 4165736150 705691975
636518978 359053386 2888585587 2334694615 3368476492
320889711 1829151760 971167227 4175348046 711948969
222222326 2333596760 2748062669 4044472823 3665370001
1518798056 1732551484 2887454305 2316610144 2315496700
1308176521 3523276796 2126981360 1678975595 1641893929
491653664 437592313 2345289111 689779492 1860137872
2818061202 1098148398 3674869226 2043162701 2414328925
81079005 1679110292 57600557 424639270 3947687524
4190121994 2126956277 3314619565 2400209168 3221584005
2203206986 461430741 3430174327 4245359155
----------------------------------------
[Acquisition-0] Slice 0 from 0 to 1 s [slice=1 s]
Confirming confinement to volume 'source_vol_phys'...

### ===  Deexcitation model UAtomDeexcitation is activated for 7 regions:
          DefaultRegionForTheWorld  1  1  1
          cylindricalPET  1  1  1
          cassette  1  1  1
          module  1  1  1
          crystal  1  1  1
          Phantom  1  1  1
          source_vol  1  1  1

### === G4UAtomicDeexcitation::InitialiseForNewRun()
### ===  Auger cascade flag: 0
### ===  Ignore cuts flag:   0
### ===  PIXE model for hadrons: Empirical
### ===  PIXE model for e+-:     Livermore

phot:   for  gamma, applyCuts: 1     SubType= 12  BuildTable= 0
      LambdaPrime table from 200 keV to 100 TeV in 174 bins 
      ===== EM models for the G4Region  DefaultRegionForTheWorld ======
 LivermorePhElectric :  Emin=        0 eV    Emax=      100 TeV   AngularGenSauterGavrila  FluoActive

compt:   for  gamma, applyCuts: 1     SubType= 13  BuildTable= 1
      Lambda table from 10 eV  to 1 MeV, 20 bins per decade, spline: 1
      LambdaPrime table from 1 MeV to 100 TeV in 160 bins 
      ===== EM models for the G4Region  DefaultRegionForTheWorld ======
        KleinNishina :  Emin=        0 eV    Emax=      100 TeV  FluoActive

conv:   for  gamma, applyCuts: 1     SubType= 14  BuildTable= 1
      Lambda table from 1.022 MeV to 100 TeV, 20 bins per decade, spline: 1
      ===== EM models for the G4Region  DefaultRegionForTheWorld ======
        BetheHeitler :  Emin=        0 eV    Emax=       80 GeV
     BetheHeitlerLPM :  Emin=       80 GeV   Emax=      100 TeV

Rayl:   for  gamma, applyCuts: 1     SubType= 11  BuildTable= 1
      Lambda table from 10 eV  to 100 keV, 20 bins per decade, spline: 0
      LambdaPrime table from 100 keV to 100 TeV in 180 bins 
      ===== EM models for the G4Region  DefaultRegionForTheWorld ======
   LivermoreRayleigh :  Emin=        0 eV    Emax=      100 TeV   CullenGenerator

msc:   for e-    SubType= 10
      RangeFactor= 0.04, stepLimitType: 3, latDisplacement: 1, skin= 1, geomFactor= 2.5
      ===== EM models for the G4Region  DefaultRegionForTheWorld ======
            UrbanMsc :  Emin=        0 eV    Emax=      100 TeV  Table with 240 bins Emin=    100 eV    Emax=    100 TeV

eIoni:   for  e-    SubType= 2
      dE/dx and range tables from 10 eV  to 100 TeV in 260 bins
      Lambda tables from threshold to 100 TeV, 20 bins per decade, spline: 1
      finalRange(mm)= 0.1, dRoverRange= 0.2, integral: 1, fluct: 1, linLossLimit= 0.01
      ===== EM models for the G4Region  DefaultRegionForTheWorld ======
        MollerBhabha :  Emin=        0 eV    Emax=      100 TeV

eBrem:   for  e-    SubType= 3
      dE/dx and range tables from 10 eV  to 100 TeV in 260 bins
      Lambda tables from threshold to 100 TeV, 20 bins per decade, spline: 1
      LPM flag: 1 for E > 1 GeV,  VertexHighEnergyTh(GeV)= 100000
      ===== EM models for the G4Region  DefaultRegionForTheWorld ======
             eBremSB :  Emin=        0 eV    Emax=        1 GeV   AngularGen2BS
            eBremLPM :  Emin=        1 GeV   Emax=      100 TeV   AngularGen2BS

ePairProd:   for  e-    SubType= 4
      dE/dx and range tables from 10 eV  to 100 TeV in 260 bins
      Lambda tables from threshold to 100 TeV, 20 bins per decade, spline: 1
      Sampling table 25x1001; from 0.1 GeV to 100 TeV 
      ===== EM models for the G4Region  DefaultRegionForTheWorld ======
          muPairProd :  Emin=        0 eV    Emax=      100 TeV

msc:   for e+    SubType= 10
      RangeFactor= 0.04, stepLimitType: 3, latDisplacement: 1, skin= 1, geomFactor= 2.5
      ===== EM models for the G4Region  DefaultRegionForTheWorld ======
            UrbanMsc :  Emin=        0 eV    Emax=      100 TeV  Table with 240 bins Emin=    100 eV    Emax=    100 TeV

eIoni:   for  e+    SubType= 2
      dE/dx and range tables from 10 eV  to 100 TeV in 260 bins
      Lambda tables from threshold to 100 TeV, 20 bins per decade, spline: 1
      finalRange(mm)= 0.1, dRoverRange= 0.2, integral: 1, fluct: 1, linLossLimit= 0.01
      ===== EM models for the G4Region  DefaultRegionForTheWorld ======
        MollerBhabha :  Emin=        0 eV    Emax=      100 TeV

eBrem:   for  e+    SubType= 3
      dE/dx and range tables from 10 eV  to 100 TeV in 260 bins
      Lambda tables from threshold to 100 TeV, 20 bins per decade, spline: 1
      LPM flag: 1 for E > 1 GeV,  VertexHighEnergyTh(GeV)= 100000
      ===== EM models for the G4Region  DefaultRegionForTheWorld ======
             eBremSB :  Emin=        0 eV    Emax=        1 GeV   AngularGen2BS
            eBremLPM :  Emin=        1 GeV   Emax=      100 TeV   AngularGen2BS

ePairProd:   for  e+    SubType= 4
      dE/dx and range tables from 10 eV  to 100 TeV in 260 bins
      Lambda tables from threshold to 100 TeV, 20 bins per decade, spline: 1
      Sampling table 25x1001; from 0.1 GeV to 100 TeV 
      ===== EM models for the G4Region  DefaultRegionForTheWorld ======
          muPairProd :  Emin=        0 eV    Emax=      100 TeV

annihil:   for  e+, integral: 1 , applyCuts: 1     SubType= 5  BuildTable= 0
      ===== EM models for the G4Region  DefaultRegionForTheWorld ======
            eplus2gg :  Emin=        0 eV    Emax=      100 TeV

msc:   for proton    SubType= 10
      RangeFactor= 0.2, stepLimitType: 0, latDisplacement: 1
      ===== EM models for the G4Region  DefaultRegionForTheWorld ======
            UrbanMsc :  Emin=        0 eV    Emax=      100 TeV  Table with 240 bins Emin=    100 eV    Emax=    100 TeV

hIoni:   for  proton    SubType= 2
      dE/dx and range tables from 10 eV  to 100 TeV in 260 bins
      Lambda tables from threshold to 100 TeV, 20 bins per decade, spline: 1
      finalRange(mm)= 0.05, dRoverRange= 0.2, integral: 1, fluct: 1, linLossLimit= 0.01
      ===== EM models for the G4Region  DefaultRegionForTheWorld ======
               Bragg :  Emin=        0 eV    Emax=        2 MeV
          BetheBloch :  Emin=        2 MeV   Emax=      100 TeV

hBrems:   for  proton    SubType= 3
      dE/dx and range tables from 10 eV  to 100 TeV in 260 bins
      Lambda tables from threshold to 100 TeV, 20 bins per decade, spline: 1
      ===== EM models for the G4Region  DefaultRegionForTheWorld ======
               hBrem :  Emin=        0 eV    Emax=      100 TeV
      ===== Limit on energy threshold has been applied 

hPairProd:   for  proton    SubType= 4
      dE/dx and range tables from 10 eV  to 100 TeV in 260 bins
      Lambda tables from threshold to 100 TeV, 20 bins per decade, spline: 1
      Sampling table 17x1001; from 7.50618 GeV to 100 TeV 
      ===== EM models for the G4Region  DefaultRegionForTheWorld ======
           hPairProd :  Emin=        0 eV    Emax=      100 TeV

nuclearStopping:   for  proton, applyCuts: 1     SubType= 8  BuildTable= 0
      ===== EM models for the G4Region  DefaultRegionForTheWorld ======
   ICRU49NucStopping :  Emin=        0 eV    Emax=        1 MeV

msc:   for GenericIon    SubType= 10
      RangeFactor= 0.2, stepLimitType: 0, latDisplacement: 0
      ===== EM models for the G4Region  DefaultRegionForTheWorld ======
            UrbanMsc :  Emin=        0 eV    Emax=      100 TeV

ionIoni:   for  GenericIon    SubType= 2
      dE/dx and range tables from 10 eV  to 100 TeV in 260 bins
      Lambda tables from threshold to 100 TeV, 20 bins per decade, spline: 1
      finalRange(mm)= 0.001, dRoverRange= 0.1, integral: 1, fluct: 1, linLossLimit= 0.02
      ===== EM models for the G4Region  DefaultRegionForTheWorld ======
         ParamICRU73 :  Emin=        0 eV    Emax=      100 TeV   deltaVI

nuclearStopping:   for  GenericIon, applyCuts: 1     SubType= 8  BuildTable= 0
      ===== EM models for the G4Region  DefaultRegionForTheWorld ======
   ICRU49NucStopping :  Emin=        0 eV    Emax=        1 MeV
=======================================================================
======       Radioactive Decay Physics Parameters              ========
=======================================================================
Max life time                                     1e+15 ps
Internal e- conversion flag                       1
Stored internal conversion coefficients           0
Enable correlated gamma emission                  0
Max 2J for sampling of angular correlations       10
Atomic de-excitation enabled                      1
Auger electron emission enabled                   1
Auger cascade enabled                             0
Check EM cuts disabled for atomic de-excitation   0
Use Bearden atomic level energies                 0
=======================================================================

msc:   for alpha    SubType= 10
      RangeFactor= 0.2, stepLimitType: 0, latDisplacement: 1
      ===== EM models for the G4Region  DefaultRegionForTheWorld ======
            UrbanMsc :  Emin=        0 eV    Emax=      100 TeV  Table with 240 bins Emin=    100 eV    Emax=    100 TeV

ionIoni:   for  alpha    SubType= 2
      dE/dx and range tables from 10 eV  to 100 TeV in 260 bins
      Lambda tables from threshold to 100 TeV, 20 bins per decade, spline: 1
      finalRange(mm)= 0.01, dRoverRange= 0.1, integral: 1, fluct: 1, linLossLimit= 0.02
      ===== EM models for the G4Region  DefaultRegionForTheWorld ======
            BraggIon :  Emin=        0 eV    Emax=   7.9452 MeV
          BetheBloch :  Emin=   7.9452 MeV   Emax=      100 TeV

nuclearStopping:   for  alpha, applyCuts: 1     SubType= 8  BuildTable= 0
      ===== EM models for the G4Region  DefaultRegionForTheWorld ======
   ICRU49NucStopping :  Emin=        0 eV    Emax=        1 MeV

msc:   for anti_proton    SubType= 10
      RangeFactor= 0.2, stepLimitType: 0, latDisplacement: 1
      ===== EM models for the G4Region  DefaultRegionForTheWorld ======
            UrbanMsc :  Emin=        0 eV    Emax=      100 TeV  Table with 240 bins Emin=    100 eV    Emax=    100 TeV

hIoni:   for  anti_proton    SubType= 2
      dE/dx and range tables from 10 eV  to 100 TeV in 260 bins
      Lambda tables from threshold to 100 TeV, 20 bins per decade, spline: 1
      finalRange(mm)= 0.05, dRoverRange= 0.2, integral: 1, fluct: 1, linLossLimit= 0.01
      ===== EM models for the G4Region  DefaultRegionForTheWorld ======
            ICRU73QO :  Emin=        0 eV    Emax=        2 MeV
          BetheBloch :  Emin=        2 MeV   Emax=      100 TeV

hBrems:   for  anti_proton    SubType= 3
      dE/dx and range tables from 10 eV  to 100 TeV in 260 bins
      Lambda tables from threshold to 100 TeV, 20 bins per decade, spline: 1
      ===== EM models for the G4Region  DefaultRegionForTheWorld ======
               hBrem :  Emin=        0 eV    Emax=      100 TeV
      ===== Limit on energy threshold has been applied 

hPairProd:   for  anti_proton    SubType= 4
      dE/dx and range tables from 10 eV  to 100 TeV in 260 bins
      Lambda tables from threshold to 100 TeV, 20 bins per decade, spline: 1
      Sampling table 17x1001; from 7.50618 GeV to 100 TeV 
      ===== EM models for the G4Region  DefaultRegionForTheWorld ======
           hPairProd :  Emin=        0 eV    Emax=      100 TeV

nuclearStopping:   for  anti_proton, applyCuts: 1     SubType= 8  BuildTable= 0
      ===== EM models for the G4Region  DefaultRegionForTheWorld ======
   ICRU49NucStopping :  Emin=        0 eV    Emax=        1 MeV

msc:   for kaon+    SubType= 10
      RangeFactor= 0.2, stepLimitType: 0, latDisplacement: 1
      ===== EM models for the G4Region  DefaultRegionForTheWorld ======
            UrbanMsc :  Emin=        0 eV    Emax=      100 TeV  Table with 240 bins Emin=    100 eV    Emax=    100 TeV

hIoni:   for  kaon+    SubType= 2
      dE/dx and range tables from 10 eV  to 100 TeV in 260 bins
      Lambda tables from threshold to 100 TeV, 20 bins per decade, spline: 1
      finalRange(mm)= 0.05, dRoverRange= 0.2, integral: 1, fluct: 1, linLossLimit= 0.01
      ===== EM models for the G4Region  DefaultRegionForTheWorld ======
               Bragg :  Emin=        0 eV    Emax=  1.05231 MeV
          BetheBloch :  Emin=  1.05231 MeV   Emax=      100 TeV

hBrems:   for  kaon+    SubType= 3
      dE/dx and range tables from 10 eV  to 100 TeV in 260 bins
      Lambda tables from threshold to 100 TeV, 20 bins per decade, spline: 1
      ===== EM models for the G4Region  DefaultRegionForTheWorld ======
               hBrem :  Emin=        0 eV    Emax=      100 TeV
      ===== Limit on energy threshold has been applied 

hPairProd:   for  kaon+    SubType= 4
      dE/dx and range tables from 10 eV  to 100 TeV in 260 bins
      Lambda tables from threshold to 100 TeV, 20 bins per decade, spline: 1
      Sampling table 18x1001; from 3.94942 GeV to 100 TeV 
      ===== EM models for the G4Region  DefaultRegionForTheWorld ======
           hPairProd :  Emin=        0 eV    Emax=      100 TeV

msc:   for kaon-    SubType= 10
      RangeFactor= 0.2, stepLimitType: 0, latDisplacement: 1
      ===== EM models for the G4Region  DefaultRegionForTheWorld ======
            UrbanMsc :  Emin=        0 eV    Emax=      100 TeV  Table with 240 bins Emin=    100 eV    Emax=    100 TeV

hIoni:   for  kaon-    SubType= 2
      dE/dx and range tables from 10 eV  to 100 TeV in 260 bins
      Lambda tables from threshold to 100 TeV, 20 bins per decade, spline: 1
      finalRange(mm)= 0.05, dRoverRange= 0.2, integral: 1, fluct: 1, linLossLimit= 0.01
      ===== EM models for the G4Region  DefaultRegionForTheWorld ======
            ICRU73QO :  Emin=        0 eV    Emax=  1.05231 MeV
          BetheBloch :  Emin=  1.05231 MeV   Emax=      100 TeV

hBrems:   for  kaon-    SubType= 3
      dE/dx and range tables from 10 eV  to 100 TeV in 260 bins
      Lambda tables from threshold to 100 TeV, 20 bins per decade, spline: 1
      ===== EM models for the G4Region  DefaultRegionForTheWorld ======
               hBrem :  Emin=        0 eV    Emax=      100 TeV
      ===== Limit on energy threshold has been applied 

hPairProd:   for  kaon-    SubType= 4
      dE/dx and range tables from 10 eV  to 100 TeV in 260 bins
      Lambda tables from threshold to 100 TeV, 20 bins per decade, spline: 1
      Sampling table 18x1001; from 3.94942 GeV to 100 TeV 
      ===== EM models for the G4Region  DefaultRegionForTheWorld ======
           hPairProd :  Emin=        0 eV    Emax=      100 TeV

msc:   for mu+    SubType= 10
      RangeFactor= 0.2, step limit type: 0, lateralDisplacement: 1, polarAngleLimit(deg)= 180
      ===== EM models for the G4Region  DefaultRegionForTheWorld ======
            UrbanMsc :  Emin=        0 eV    Emax=      100 TeV  Table with 240 bins Emin=    100 eV    Emax=    100 TeV

muIoni:   for  mu+    SubType= 2
      dE/dx and range tables from 10 eV  to 100 TeV in 260 bins
      Lambda tables from threshold to 100 TeV, 20 bins per decade, spline: 1
      finalRange(mm)= 0.05, dRoverRange= 0.2, integral: 1, fluct: 1, linLossLimit= 0.01
      ===== EM models for the G4Region  DefaultRegionForTheWorld ======
               Bragg :  Emin=        0 eV    Emax=      200 keV
          BetheBloch :  Emin=      200 keV   Emax=        1 GeV
        MuBetheBloch :  Emin=        1 GeV   Emax=      100 TeV

muBrems:   for  mu+    SubType= 3
      dE/dx and range tables from 10 eV  to 100 TeV in 260 bins
      Lambda tables from threshold to 100 TeV, 20 bins per decade, spline: 1
      ===== EM models for the G4Region  DefaultRegionForTheWorld ======
              MuBrem :  Emin=        0 eV    Emax=      100 TeV
      ===== Limit on energy threshold has been applied 

muPairProd:   for  mu+    SubType= 4
      dE/dx and range tables from 10 eV  to 100 TeV in 260 bins
      Lambda tables from threshold to 100 TeV, 20 bins per decade, spline: 1
      Sampling table 21x1001; from 1 GeV to 100 TeV 
      ===== EM models for the G4Region  DefaultRegionForTheWorld ======
          muPairProd :  Emin=        0 eV    Emax=      100 TeV

msc:   for mu-    SubType= 10
      RangeFactor= 0.2, step limit type: 0, lateralDisplacement: 1, polarAngleLimit(deg)= 180
      ===== EM models for the G4Region  DefaultRegionForTheWorld ======
            UrbanMsc :  Emin=        0 eV    Emax=      100 TeV  Table with 240 bins Emin=    100 eV    Emax=    100 TeV

muIoni:   for  mu-    SubType= 2
      dE/dx and range tables from 10 eV  to 100 TeV in 260 bins
      Lambda tables from threshold to 100 TeV, 20 bins per decade, spline: 1
      finalRange(mm)= 0.05, dRoverRange= 0.2, integral: 1, fluct: 1, linLossLimit= 0.01
      ===== EM models for the G4Region  DefaultRegionForTheWorld ======
            ICRU73QO :  Emin=        0 eV    Emax=      200 keV
          BetheBloch :  Emin=      200 keV   Emax=        1 GeV
        MuBetheBloch :  Emin=        1 GeV   Emax=      100 TeV

muBrems:   for  mu-    SubType= 3
      dE/dx and range tables from 10 eV  to 100 TeV in 260 bins
      Lambda tables from threshold to 100 TeV, 20 bins per decade, spline: 1
      ===== EM models for the G4Region  DefaultRegionForTheWorld ======
              MuBrem :  Emin=        0 eV    Emax=      100 TeV
      ===== Limit on energy threshold has been applied 

muPairProd:   for  mu-    SubType= 4
      dE/dx and range tables from 10 eV  to 100 TeV in 260 bins
      Lambda tables from threshold to 100 TeV, 20 bins per decade, spline: 1
      Sampling table 21x1001; from 1 GeV to 100 TeV 
      ===== EM models for the G4Region  DefaultRegionForTheWorld ======
          muPairProd :  Emin=        0 eV    Emax=      100 TeV

msc:   for pi+    SubType= 10
      RangeFactor= 0.2, stepLimitType: 0, latDisplacement: 1
      ===== EM models for the G4Region  DefaultRegionForTheWorld ======
            UrbanMsc :  Emin=        0 eV    Emax=      100 TeV  Table with 240 bins Emin=    100 eV    Emax=    100 TeV

hIoni:   for  pi+    SubType= 2
      dE/dx and range tables from 10 eV  to 100 TeV in 260 bins
      Lambda tables from threshold to 100 TeV, 20 bins per decade, spline: 1
      finalRange(mm)= 0.05, dRoverRange= 0.2, integral: 1, fluct: 1, linLossLimit= 0.01
      ===== EM models for the G4Region  DefaultRegionForTheWorld ======
               Bragg :  Emin=        0 eV    Emax=  297.505 keV
          BetheBloch :  Emin=  297.505 keV   Emax=      100 TeV

hBrems:   for  pi+    SubType= 3
      dE/dx and range tables from 10 eV  to 100 TeV in 260 bins
      Lambda tables from threshold to 100 TeV, 20 bins per decade, spline: 1
      ===== EM models for the G4Region  DefaultRegionForTheWorld ======
               hBrem :  Emin=        0 eV    Emax=      100 TeV
      ===== Limit on energy threshold has been applied 

hPairProd:   for  pi+    SubType= 4
      dE/dx and range tables from 10 eV  to 100 TeV in 260 bins
      Lambda tables from threshold to 100 TeV, 20 bins per decade, spline: 1
      Sampling table 20x1001; from 1.11656 GeV to 100 TeV 
      ===== EM models for the G4Region  DefaultRegionForTheWorld ======
           hPairProd :  Emin=        0 eV    Emax=      100 TeV

msc:   for pi-    SubType= 10
      RangeFactor= 0.2, stepLimitType: 0, latDisplacement: 1
      ===== EM models for the G4Region  DefaultRegionForTheWorld ======
            UrbanMsc :  Emin=        0 eV    Emax=      100 TeV  Table with 240 bins Emin=    100 eV    Emax=    100 TeV

hIoni:   for  pi-    SubType= 2
      dE/dx and range tables from 10 eV  to 100 TeV in 260 bins
      Lambda tables from threshold to 100 TeV, 20 bins per decade, spline: 1
      finalRange(mm)= 0.05, dRoverRange= 0.2, integral: 1, fluct: 1, linLossLimit= 0.01
      ===== EM models for the G4Region  DefaultRegionForTheWorld ======
            ICRU73QO :  Emin=        0 eV    Emax=  297.505 keV
          BetheBloch :  Emin=  297.505 keV   Emax=      100 TeV

hBrems:   for  pi-    SubType= 3
      dE/dx and range tables from 10 eV  to 100 TeV in 260 bins
      Lambda tables from threshold to 100 TeV, 20 bins per decade, spline: 1
      ===== EM models for the G4Region  DefaultRegionForTheWorld ======
               hBrem :  Emin=        0 eV    Emax=      100 TeV
      ===== Limit on energy threshold has been applied 

hPairProd:   for  pi-    SubType= 4
      dE/dx and range tables from 10 eV  to 100 TeV in 260 bins
      Lambda tables from threshold to 100 TeV, 20 bins per decade, spline: 1
      Sampling table 20x1001; from 1.11656 GeV to 100 TeV 
      ===== EM models for the G4Region  DefaultRegionForTheWorld ======
           hPairProd :  Emin=        0 eV    Emax=      100 TeV

### ===  Deexcitation model UAtomDeexcitation is activated for 7 regions:
          DefaultRegionForTheWorld  1  1  1
          cylindricalPET  1  1  1
          cassette  1  1  1
          module  1  1  1
          crystal  1  1  1
          Phantom  1  1  1
          source_vol  1  1  1

### === G4UAtomicDeexcitation::InitialiseForNewRun()
### ===  Auger cascade flag: 0
### ===  Ignore cuts flag:   0
### ===  PIXE model for hadrons: Empirical
### ===  PIXE model for e+-:     Livermore
[Acquisition-0] Slice 1 from 1 to 2 s [slice=1 s]

### ===  Deexcitation model UAtomDeexcitation is activated for 7 regions:
          DefaultRegionForTheWorld  1  1  1
          cylindricalPET  1  1  1
          cassette  1  1  1
          module  1  1  1
          crystal  1  1  1
          Phantom  1  1  1
          source_vol  1  1  1

### === G4UAtomicDeexcitation::InitialiseForNewRun()
### ===  Auger cascade flag: 0
### ===  Ignore cuts flag:   0
### ===  PIXE model for hadrons: Empirical
### ===  PIXE model for e+-:     Livermore
[Acquisition-0] Slice 2 from 2 to 3 s [slice=1 s]

### ===  Deexcitation model UAtomDeexcitation is activated for 7 regions:
          DefaultRegionForTheWorld  1  1  1
          cylindricalPET  1  1  1
          cassette  1  1  1
          module  1  1  1
          crystal  1  1  1
          Phantom  1  1  1
          source_vol  1  1  1

### === G4UAtomicDeexcitation::InitialiseForNewRun()
### ===  Auger cascade flag: 0
### ===  Ignore cuts flag:   0
### ===  PIXE model for hadrons: Empirical
### ===  PIXE model for e+-:     Livermore
[Acquisition-0] Slice 3 from 3 to 4 s [slice=1 s]

### ===  Deexcitation model UAtomDeexcitation is activated for 7 regions:
          DefaultRegionForTheWorld  1  1  1
          cylindricalPET  1  1  1
          cassette  1  1  1
          module  1  1  1
          crystal  1  1  1
          Phantom  1  1  1
          source_vol  1  1  1

### === G4UAtomicDeexcitation::InitialiseForNewRun()
### ===  Auger cascade flag: 0
### ===  Ignore cuts flag:   0
### ===  PIXE model for hadrons: Empirical
### ===  PIXE model for e+-:     Livermore
[Acquisition-0] Slice 4 from 4 to 5 s [slice=1 s]

### ===  Deexcitation model UAtomDeexcitation is activated for 7 regions:
          DefaultRegionForTheWorld  1  1  1
          cylindricalPET  1  1  1
          cassette  1  1  1
          module  1  1  1
          crystal  1  1  1
          Phantom  1  1  1
          source_vol  1  1  1

### === G4UAtomicDeexcitation::InitialiseForNewRun()
### ===  Auger cascade flag: 0
### ===  Ignore cuts flag:   0
### ===  PIXE model for hadrons: Empirical
### ===  PIXE model for e+-:     Livermore
[Acquisition-0] Slice 5 from 5 to 6 s [slice=1 s]

### ===  Deexcitation model UAtomDeexcitation is activated for 7 regions:
          DefaultRegionForTheWorld  1  1  1
          cylindricalPET  1  1  1
          cassette  1  1  1
          module  1  1  1
          crystal  1  1  1
          Phantom  1  1  1
          source_vol  1  1  1

### === G4UAtomicDeexcitation::InitialiseForNewRun()
### ===  Auger cascade flag: 0
### ===  Ignore cuts flag:   0
### ===  PIXE model for hadrons: Empirical
### ===  PIXE model for e+-:     Livermore
[Acquisition-0] Slice 6 from 6 to 7 s [slice=1 s]

### ===  Deexcitation model UAtomDeexcitation is activated for 7 regions:
          DefaultRegionForTheWorld  1  1  1
          cylindricalPET  1  1  1
          cassette  1  1  1
          module  1  1  1
          crystal  1  1  1
          Phantom  1  1  1
          source_vol  1  1  1

### === G4UAtomicDeexcitation::InitialiseForNewRun()
### ===  Auger cascade flag: 0
### ===  Ignore cuts flag:   0
### ===  PIXE model for hadrons: Empirical
### ===  PIXE model for e+-:     Livermore
[Acquisition-0] Slice 7 from 7 to 8 s [slice=1 s]

### ===  Deexcitation model UAtomDeexcitation is activated for 7 regions:
          DefaultRegionForTheWorld  1  1  1
          cylindricalPET  1  1  1
          cassette  1  1  1
          module  1  1  1
          crystal  1  1  1
          Phantom  1  1  1
          source_vol  1  1  1

### === G4UAtomicDeexcitation::InitialiseForNewRun()
### ===  Auger cascade flag: 0
### ===  Ignore cuts flag:   0
### ===  PIXE model for hadrons: Empirical
### ===  PIXE model for e+-:     Livermore
[Acquisition-0] Slice 8 from 8 to 9 s [slice=1 s]

### ===  Deexcitation model UAtomDeexcitation is activated for 7 regions:
          DefaultRegionForTheWorld  1  1  1
          cylindricalPET  1  1  1
          cassette  1  1  1
          module  1  1  1
          crystal  1  1  1
          Phantom  1  1  1
          source_vol  1  1  1

### === G4UAtomicDeexcitation::InitialiseForNewRun()
### ===  Auger cascade flag: 0
### ===  Ignore cuts flag:   0
### ===  PIXE model for hadrons: Empirical
### ===  PIXE model for e+-:     Livermore
[Acquisition-0] Slice 9 from 9 to 10 s [slice=1 s]

### ===  Deexcitation model UAtomDeexcitation is activated for 7 regions:
          DefaultRegionForTheWorld  1  1  1
          cylindricalPET  1  1  1
          cassette  1  1  1
          module  1  1  1
          crystal  1  1  1
          Phantom  1  1  1
          source_vol  1  1  1

### === G4UAtomicDeexcitation::InitialiseForNewRun()
### ===  Auger cascade flag: 0
### ===  Ignore cuts flag:   0
### ===  PIXE model for hadrons: Empirical
### ===  PIXE model for e+-:     Livermore
     User simulation time (sec)   := 137.44
     Real simulation time (sec)   := 138.74
     System simulation time (sec) := 0.2
[Core-0] End of macro Coin_Chan.mac
GateOutputMgr deleting...
Graphics systems deleted.
Visualization Manager deleting...
