[G4] 
[G4] *************************************************************
[G4]  Geant4 version Name: geant4-10-02-patch-03    (27-January-2017)
[G4]                       Copyright : Geant4 Collaboration
[G4]                       Reference : NIM A 506 (2003), 250-303
[G4]                             WWW : http://cern.ch/geant4
[G4] *************************************************************
[G4] 
[Core-0] Initialization of geometry
[Core-0] Initialization of physics
[Core-0] Initialization of actors
[Core-0] 
[Core-0] **********************************************************************
[Core-0]  GATE version name: gate_v7.2                                         
[Core-0]                     Copyright : OpenGATE Collaboration                
[Core-0]                     Reference : Phys. Med. Biol. 49 (2004) 4543-4561  
[Core-0]                     Reference : Phys. Med. Biol. 56 (2011) 881-901    
[Core-0]                     WWW : http://www.opengatecollaboration.org        
[Core-0] **********************************************************************
[Core-0] 
[Core-0] You are using Geant4 version 10.2.3
[Core-0] Starting macro Gamma_Camera.mac
ERROR: Can not open a macro file <Gamma_Camera.mac>. Set macro path with "/control/macroPath" if needed.
[Core-0] End of macro Gamma_Camera.mac
GateToBinary deleting...
Graphics systems deleted.
Visualization Manager deleting...
Time is: Wed Jun 28 22:53:57 CEST 2017
